<?xml version="1.0" encoding="UTF-8"?>
<robot generator="Robot 3.2 (Python 3.8.3rc1 on darwin)" generated="20200713 20:10:21.694" rpa="false">
<suite id="s1" name="IntroductionRobotFramework" source="/Users/samirasamah/git/Mon_premier_projet_Robot_Samira/IntroductionRobotFramework">
<suite id="s1-s1" name="MesSuiteDeTests" source="/Users/samirasamah/git/Mon_premier_projet_Robot_Samira/IntroductionRobotFramework/MesSuiteDeTests">
<suite id="s1-s1-s1" name="Login" source="/Users/samirasamah/git/Mon_premier_projet_Robot_Samira/IntroductionRobotFramework/MesSuiteDeTests/login.robot">
<test id="s1-s1-s1-t1" name="Login test">
<kw name="Open Browser" library="SeleniumLibrary">
<doc>Opens a new browser instance to the optional ``url``.</doc>
<arguments>
<arg>${url}</arg>
<arg>${Browser}</arg>
<arg>executable_path=${Path}</arg>
</arguments>
<msg timestamp="20200713 20:10:21.932" level="INFO">Opening browser 'gc' to base url 'https://opensource-demo.orangehrmlive.com/index.php/auth/login'.</msg>
<status status="PASS" starttime="20200713 20:10:21.932" endtime="20200713 20:10:24.618"></status>
</kw>
<kw name="Maximize Browser Window" library="SeleniumLibrary">
<doc>Maximizes current browser window.</doc>
<status status="PASS" starttime="20200713 20:10:24.619" endtime="20200713 20:10:24.928"></status>
</kw>
<kw name="Input Text" library="SeleniumLibrary">
<doc>Types the given ``text`` into the text field identified by ``locator``.</doc>
<arguments>
<arg>id:txtUsername</arg>
<arg>${Logins}[username]</arg>
</arguments>
<msg timestamp="20200713 20:10:24.930" level="INFO">Typing text 'Admin' into text field 'id:txtUsername'.</msg>
<status status="PASS" starttime="20200713 20:10:24.929" endtime="20200713 20:10:25.067"></status>
</kw>
<kw name="Input Password" library="SeleniumLibrary">
<doc>Types the given password into the text field identified by ``locator``.</doc>
<arguments>
<arg>id:txtPassword</arg>
<arg>${Logins}[password]</arg>
</arguments>
<msg timestamp="20200713 20:10:25.068" level="INFO">Typing password into text field 'id:txtPassword'.</msg>
<msg timestamp="20200713 20:10:25.107" level="INFO">Temporally setting log level to: NONE</msg>
<msg timestamp="20200713 20:10:25.155" level="INFO">Log level changed from NONE to INFO.</msg>
<status status="PASS" starttime="20200713 20:10:25.067" endtime="20200713 20:10:25.156"></status>
</kw>
<kw name="Click Button" library="SeleniumLibrary">
<doc>Clicks the button identified by ``locator``.</doc>
<arguments>
<arg>btnLogin</arg>
</arguments>
<msg timestamp="20200713 20:10:25.156" level="INFO">Clicking button 'btnLogin'.</msg>
<status status="PASS" starttime="20200713 20:10:25.156" endtime="20200713 20:10:26.324"></status>
</kw>
<kw name="Click Element" library="SeleniumLibrary">
<doc>Click the element identified by ``locator``.</doc>
<arguments>
<arg>welcome</arg>
</arguments>
<msg timestamp="20200713 20:10:26.326" level="INFO">Clicking element 'welcome'.</msg>
<status status="PASS" starttime="20200713 20:10:26.325" endtime="20200713 20:10:26.660"></status>
</kw>
<kw name="Set Browser Implicit Wait" library="SeleniumLibrary">
<doc>Sets the implicit wait value used by Selenium.</doc>
<arguments>
<arg>5</arg>
</arguments>
<status status="PASS" starttime="20200713 20:10:26.660" endtime="20200713 20:10:26.662"></status>
</kw>
<kw name="Click Element" library="SeleniumLibrary">
<doc>Click the element identified by ``locator``.</doc>
<arguments>
<arg>link=Logout</arg>
</arguments>
<msg timestamp="20200713 20:10:26.663" level="INFO">Clicking element 'link=Logout'.</msg>
<status status="PASS" starttime="20200713 20:10:26.662" endtime="20200713 20:10:27.165"></status>
</kw>
<kw name="Log" library="BuiltIn">
<doc>Logs the given message with the given level.</doc>
<arguments>
<arg>Ceci est un test execute par %{USER} dans %{os}</arg>
</arguments>
<msg timestamp="20200713 20:10:27.167" level="FAIL">Environment variable '%{os}' not found.</msg>
<status status="FAIL" starttime="20200713 20:10:27.166" endtime="20200713 20:10:27.167"></status>
</kw>
<doc>Ceci est un test de login/LogOut</doc>
<status status="FAIL" starttime="20200713 20:10:21.931" endtime="20200713 20:10:27.167" critical="yes">Environment variable '%{os}' not found.</status>
</test>
<status status="FAIL" starttime="20200713 20:10:21.751" endtime="20200713 20:10:27.169"></status>
</suite>
<status status="FAIL" starttime="20200713 20:10:21.749" endtime="20200713 20:10:27.172"></status>
</suite>
<status status="FAIL" starttime="20200713 20:10:21.720" endtime="20200713 20:10:27.175"></status>
</suite>
<statistics>
<total>
<stat pass="0" fail="1">Critical Tests</stat>
<stat pass="0" fail="1">All Tests</stat>
</total>
<tag>
</tag>
<suite>
<stat pass="0" fail="1" id="s1" name="IntroductionRobotFramework">IntroductionRobotFramework</stat>
<stat pass="0" fail="1" id="s1-s1" name="MesSuiteDeTests">IntroductionRobotFramework.MesSuiteDeTests</stat>
<stat pass="0" fail="1" id="s1-s1-s1" name="Login">IntroductionRobotFramework.MesSuiteDeTests.Login</stat>
</suite>
</statistics>
<errors>
</errors>
</robot>
